C:\Program Files\Microsoft Visual Studio\2022\Community\MSBuild\Microsoft\VC\v170\Microsoft.CppBuild.targets(531,5): warning MSB8028: El directorio intermedio (Debug\) contiene archivos compartidos de otro proyecto (actividad8.vcxproj, practica7.1.vcxproj, practica8.vcxproj). Esto puede dar lugar a un comportamiento incorrecto de limpieza y recompilación.
  iluminacion2.cpp
C:\Users\carlos\Desktop\VisualStudio\Actividad9\Actividad9\iluminacion2.cpp(198,24): warning C4244: 'inicializando': conversión de 'double' a 'GLfloat'; posible pérdida de datos
C:\Users\carlos\Desktop\VisualStudio\Actividad9\Actividad9\iluminacion2.cpp(237,31): warning C4244: '=': conversión de 'double' a 'T'; posible pérdida de datos
          with
          [
              T=float
          ]
C:\Users\carlos\Desktop\VisualStudio\Actividad9\Actividad9\iluminacion2.cpp(238,31): warning C4244: '=': conversión de 'double' a 'T'; posible pérdida de datos
          with
          [
              T=float
          ]
C:\Users\carlos\Desktop\VisualStudio\Actividad9\Actividad9\iluminacion2.cpp(239,31): warning C4244: '=': conversión de 'double' a 'T'; posible pérdida de datos
          with
          [
              T=float
          ]
C:\Users\carlos\Desktop\VisualStudio\Actividad9\Actividad9\iluminacion2.cpp(251,33): warning C4244: '=': conversión de 'double' a 'T'; posible pérdida de datos
          with
          [
              T=float
          ]
C:\Users\carlos\Desktop\VisualStudio\Actividad9\Actividad9\iluminacion2.cpp(252,33): warning C4244: '=': conversión de 'double' a 'T'; posible pérdida de datos
          with
          [
              T=float
          ]
C:\Users\carlos\Desktop\VisualStudio\Actividad9\Actividad9\iluminacion2.cpp(253,33): warning C4244: '=': conversión de 'double' a 'T'; posible pérdida de datos
          with
          [
              T=float
          ]
C:\Users\carlos\Desktop\VisualStudio\Actividad9\Actividad9\iluminacion2.cpp(266,33): warning C4244: '=': conversión de 'double' a 'T'; posible pérdida de datos
          with
          [
              T=float
          ]
C:\Users\carlos\Desktop\VisualStudio\Actividad9\Actividad9\iluminacion2.cpp(267,33): warning C4244: '=': conversión de 'double' a 'T'; posible pérdida de datos
          with
          [
              T=float
          ]
C:\Users\carlos\Desktop\VisualStudio\Actividad9\Actividad9\iluminacion2.cpp(268,33): warning C4244: '=': conversión de 'double' a 'T'; posible pérdida de datos
          with
          [
              T=float
          ]
C:\Users\carlos\Desktop\VisualStudio\Actividad9\Actividad9\iluminacion2.cpp(280,33): warning C4244: '=': conversión de 'double' a 'T'; posible pérdida de datos
          with
          [
              T=float
          ]
C:\Users\carlos\Desktop\VisualStudio\Actividad9\Actividad9\iluminacion2.cpp(281,33): warning C4244: '=': conversión de 'double' a 'T'; posible pérdida de datos
          with
          [
              T=float
          ]
C:\Users\carlos\Desktop\VisualStudio\Actividad9\Actividad9\iluminacion2.cpp(282,33): warning C4244: '=': conversión de 'double' a 'T'; posible pérdida de datos
          with
          [
              T=float
          ]
C:\Users\carlos\Desktop\VisualStudio\Actividad9\Actividad9\iluminacion2.cpp(293,33): warning C4244: '=': conversión de 'double' a 'T'; posible pérdida de datos
          with
          [
              T=float
          ]
C:\Users\carlos\Desktop\VisualStudio\Actividad9\Actividad9\iluminacion2.cpp(294,33): warning C4244: '=': conversión de 'double' a 'T'; posible pérdida de datos
          with
          [
              T=float
          ]
C:\Users\carlos\Desktop\VisualStudio\Actividad9\Actividad9\iluminacion2.cpp(295,33): warning C4244: '=': conversión de 'double' a 'T'; posible pérdida de datos
          with
          [
              T=float
          ]
C:\Users\carlos\Desktop\VisualStudio\Actividad9\Actividad9\iluminacion2.cpp(657,11): warning C4244: '=': conversión de 'double' a 'GLfloat'; posible pérdida de datos
C:\Users\carlos\Desktop\VisualStudio\Actividad9\Actividad9\iluminacion2.cpp(658,11): warning C4244: '=': conversión de 'double' a 'GLfloat'; posible pérdida de datos
C:\Users\carlos\Desktop\VisualStudio\Actividad9\Actividad9\iluminacion2.cpp(662,18): warning C4244: 'inicializando': conversión de 'double' a 'GLfloat'; posible pérdida de datos
C:\Users\carlos\Desktop\VisualStudio\Actividad9\Actividad9\iluminacion2.cpp(663,18): warning C4244: 'inicializando': conversión de 'double' a 'GLfloat'; posible pérdida de datos
C:\Users\carlos\Desktop\VisualStudio\Actividad9\Actividad9\iluminacion2.cpp(665,10): warning C4244: '=': conversión de 'double' a 'GLfloat'; posible pérdida de datos
C:\Users\carlos\Desktop\VisualStudio\Actividad9\Actividad9\iluminacion2.cpp(666,10): warning C4244: '=': conversión de 'double' a 'GLfloat'; posible pérdida de datos
  Actividad9.vcxproj -> C:\Users\carlos\Desktop\VisualStudio\Actividad9\Debug\Actividad9.exe
