C:\Program Files\Microsoft Visual Studio\2022\Community\MSBuild\Microsoft\VC\v170\Microsoft.CppBuild.targets(531,5): warning MSB8028: El directorio intermedio (Debug\) contiene archivos compartidos de otro proyecto (actividad8.vcxproj, Actividad9.vcxproj, practica7.1.vcxproj, practica8.vcxproj). Esto puede dar lugar a un comportamiento incorrecto de limpieza y recompilación.
  iluminacion2.cpp
C:\Users\carlos\Desktop\VisualStudio\actividad10\actividad10\iluminacion2.cpp(201,24): warning C4244: 'inicializando': conversión de 'double' a 'GLfloat'; posible pérdida de datos
C:\Users\carlos\Desktop\VisualStudio\actividad10\actividad10\iluminacion2.cpp(240,31): warning C4244: '=': conversión de 'double' a 'T'; posible pérdida de datos
          with
          [
              T=float
          ]
C:\Users\carlos\Desktop\VisualStudio\actividad10\actividad10\iluminacion2.cpp(241,31): warning C4244: '=': conversión de 'double' a 'T'; posible pérdida de datos
          with
          [
              T=float
          ]
C:\Users\carlos\Desktop\VisualStudio\actividad10\actividad10\iluminacion2.cpp(242,31): warning C4244: '=': conversión de 'double' a 'T'; posible pérdida de datos
          with
          [
              T=float
          ]
C:\Users\carlos\Desktop\VisualStudio\actividad10\actividad10\iluminacion2.cpp(254,33): warning C4244: '=': conversión de 'double' a 'T'; posible pérdida de datos
          with
          [
              T=float
          ]
C:\Users\carlos\Desktop\VisualStudio\actividad10\actividad10\iluminacion2.cpp(255,33): warning C4244: '=': conversión de 'double' a 'T'; posible pérdida de datos
          with
          [
              T=float
          ]
C:\Users\carlos\Desktop\VisualStudio\actividad10\actividad10\iluminacion2.cpp(256,33): warning C4244: '=': conversión de 'double' a 'T'; posible pérdida de datos
          with
          [
              T=float
          ]
C:\Users\carlos\Desktop\VisualStudio\actividad10\actividad10\iluminacion2.cpp(269,33): warning C4244: '=': conversión de 'double' a 'T'; posible pérdida de datos
          with
          [
              T=float
          ]
C:\Users\carlos\Desktop\VisualStudio\actividad10\actividad10\iluminacion2.cpp(270,33): warning C4244: '=': conversión de 'double' a 'T'; posible pérdida de datos
          with
          [
              T=float
          ]
C:\Users\carlos\Desktop\VisualStudio\actividad10\actividad10\iluminacion2.cpp(271,33): warning C4244: '=': conversión de 'double' a 'T'; posible pérdida de datos
          with
          [
              T=float
          ]
C:\Users\carlos\Desktop\VisualStudio\actividad10\actividad10\iluminacion2.cpp(283,33): warning C4244: '=': conversión de 'double' a 'T'; posible pérdida de datos
          with
          [
              T=float
          ]
C:\Users\carlos\Desktop\VisualStudio\actividad10\actividad10\iluminacion2.cpp(284,33): warning C4244: '=': conversión de 'double' a 'T'; posible pérdida de datos
          with
          [
              T=float
          ]
C:\Users\carlos\Desktop\VisualStudio\actividad10\actividad10\iluminacion2.cpp(285,33): warning C4244: '=': conversión de 'double' a 'T'; posible pérdida de datos
          with
          [
              T=float
          ]
C:\Users\carlos\Desktop\VisualStudio\actividad10\actividad10\iluminacion2.cpp(296,33): warning C4244: '=': conversión de 'double' a 'T'; posible pérdida de datos
          with
          [
              T=float
          ]
C:\Users\carlos\Desktop\VisualStudio\actividad10\actividad10\iluminacion2.cpp(297,33): warning C4244: '=': conversión de 'double' a 'T'; posible pérdida de datos
          with
          [
              T=float
          ]
C:\Users\carlos\Desktop\VisualStudio\actividad10\actividad10\iluminacion2.cpp(298,33): warning C4244: '=': conversión de 'double' a 'T'; posible pérdida de datos
          with
          [
              T=float
          ]
C:\Users\carlos\Desktop\VisualStudio\actividad10\actividad10\iluminacion2.cpp(309,33): warning C4244: '=': conversión de 'double' a 'T'; posible pérdida de datos
          with
          [
              T=float
          ]
C:\Users\carlos\Desktop\VisualStudio\actividad10\actividad10\iluminacion2.cpp(310,33): warning C4244: '=': conversión de 'double' a 'T'; posible pérdida de datos
          with
          [
              T=float
          ]
C:\Users\carlos\Desktop\VisualStudio\actividad10\actividad10\iluminacion2.cpp(311,33): warning C4244: '=': conversión de 'double' a 'T'; posible pérdida de datos
          with
          [
              T=float
          ]
C:\Users\carlos\Desktop\VisualStudio\actividad10\actividad10\iluminacion2.cpp(686,11): warning C4244: '=': conversión de 'double' a 'GLfloat'; posible pérdida de datos
C:\Users\carlos\Desktop\VisualStudio\actividad10\actividad10\iluminacion2.cpp(687,11): warning C4244: '=': conversión de 'double' a 'GLfloat'; posible pérdida de datos
C:\Users\carlos\Desktop\VisualStudio\actividad10\actividad10\iluminacion2.cpp(691,18): warning C4244: 'inicializando': conversión de 'double' a 'GLfloat'; posible pérdida de datos
C:\Users\carlos\Desktop\VisualStudio\actividad10\actividad10\iluminacion2.cpp(692,18): warning C4244: 'inicializando': conversión de 'double' a 'GLfloat'; posible pérdida de datos
C:\Users\carlos\Desktop\VisualStudio\actividad10\actividad10\iluminacion2.cpp(694,10): warning C4244: '=': conversión de 'double' a 'GLfloat'; posible pérdida de datos
C:\Users\carlos\Desktop\VisualStudio\actividad10\actividad10\iluminacion2.cpp(695,10): warning C4244: '=': conversión de 'double' a 'GLfloat'; posible pérdida de datos
  actividad10.vcxproj -> C:\Users\carlos\Desktop\VisualStudio\actividad10\Debug\actividad10.exe
