C:\Program Files\Microsoft Visual Studio\2022\Community\MSBuild\Microsoft\VC\v170\Microsoft.CppBuild.targets(531,5): warning MSB8028: El directorio intermedio (Debug\) contiene archivos compartidos de otro proyecto (practica7.1.vcxproj, practica8.vcxproj). Esto puede dar lugar a un comportamiento incorrecto de limpieza y recompilación.
  iluminacion2.cpp
C:\Users\carlos\Desktop\VisualStudio\actividad8\actividad8\iluminacion2.cpp(195,24): warning C4244: 'inicializando': conversión de 'double' a 'GLfloat'; posible pérdida de datos
C:\Users\carlos\Desktop\VisualStudio\actividad8\actividad8\iluminacion2.cpp(234,20): warning C4244: '=': conversión de 'double' a 'T'; posible pérdida de datos
          with
          [
              T=float
          ]
C:\Users\carlos\Desktop\VisualStudio\actividad8\actividad8\iluminacion2.cpp(235,20): warning C4244: '=': conversión de 'double' a 'T'; posible pérdida de datos
          with
          [
              T=float
          ]
C:\Users\carlos\Desktop\VisualStudio\actividad8\actividad8\iluminacion2.cpp(236,20): warning C4244: '=': conversión de 'double' a 'T'; posible pérdida de datos
          with
          [
              T=float
          ]
C:\Users\carlos\Desktop\VisualStudio\actividad8\actividad8\iluminacion2.cpp(248,22): warning C4244: '=': conversión de 'double' a 'T'; posible pérdida de datos
          with
          [
              T=float
          ]
C:\Users\carlos\Desktop\VisualStudio\actividad8\actividad8\iluminacion2.cpp(249,22): warning C4244: '=': conversión de 'double' a 'T'; posible pérdida de datos
          with
          [
              T=float
          ]
C:\Users\carlos\Desktop\VisualStudio\actividad8\actividad8\iluminacion2.cpp(250,22): warning C4244: '=': conversión de 'double' a 'T'; posible pérdida de datos
          with
          [
              T=float
          ]
C:\Users\carlos\Desktop\VisualStudio\actividad8\actividad8\iluminacion2.cpp(263,22): warning C4244: '=': conversión de 'double' a 'T'; posible pérdida de datos
          with
          [
              T=float
          ]
C:\Users\carlos\Desktop\VisualStudio\actividad8\actividad8\iluminacion2.cpp(264,22): warning C4244: '=': conversión de 'double' a 'T'; posible pérdida de datos
          with
          [
              T=float
          ]
C:\Users\carlos\Desktop\VisualStudio\actividad8\actividad8\iluminacion2.cpp(265,22): warning C4244: '=': conversión de 'double' a 'T'; posible pérdida de datos
          with
          [
              T=float
          ]
C:\Users\carlos\Desktop\VisualStudio\actividad8\actividad8\iluminacion2.cpp(277,22): warning C4244: '=': conversión de 'double' a 'T'; posible pérdida de datos
          with
          [
              T=float
          ]
C:\Users\carlos\Desktop\VisualStudio\actividad8\actividad8\iluminacion2.cpp(278,22): warning C4244: '=': conversión de 'double' a 'T'; posible pérdida de datos
          with
          [
              T=float
          ]
C:\Users\carlos\Desktop\VisualStudio\actividad8\actividad8\iluminacion2.cpp(279,22): warning C4244: '=': conversión de 'double' a 'T'; posible pérdida de datos
          with
          [
              T=float
          ]
C:\Users\carlos\Desktop\VisualStudio\actividad8\actividad8\iluminacion2.cpp(638,11): warning C4244: '=': conversión de 'double' a 'GLfloat'; posible pérdida de datos
C:\Users\carlos\Desktop\VisualStudio\actividad8\actividad8\iluminacion2.cpp(639,11): warning C4244: '=': conversión de 'double' a 'GLfloat'; posible pérdida de datos
C:\Users\carlos\Desktop\VisualStudio\actividad8\actividad8\iluminacion2.cpp(643,18): warning C4244: 'inicializando': conversión de 'double' a 'GLfloat'; posible pérdida de datos
C:\Users\carlos\Desktop\VisualStudio\actividad8\actividad8\iluminacion2.cpp(644,18): warning C4244: 'inicializando': conversión de 'double' a 'GLfloat'; posible pérdida de datos
C:\Users\carlos\Desktop\VisualStudio\actividad8\actividad8\iluminacion2.cpp(646,10): warning C4244: '=': conversión de 'double' a 'GLfloat'; posible pérdida de datos
C:\Users\carlos\Desktop\VisualStudio\actividad8\actividad8\iluminacion2.cpp(647,10): warning C4244: '=': conversión de 'double' a 'GLfloat'; posible pérdida de datos
soil2-debug.lib(image_DXT.obj) : warning LNK4099: no se encontró PDB '' con 'soil2-debug.lib(image_DXT.obj)' o en ''; se vinculará el objeto sin tener en cuenta información de depuración
  actividad8.vcxproj -> C:\Users\carlos\Desktop\VisualStudio\actividad8\Debug\actividad8.exe
