C:\Program Files\Microsoft Visual Studio\2022\Community\MSBuild\Microsoft\VC\v170\Microsoft.CppBuild.targets(531,5): warning MSB8028: El directorio intermedio (Debug\) contiene archivos compartidos de otro proyecto (actividad10.vcxproj, actividad8.vcxproj, Actividad9.vcxproj, practica7.1.vcxproj, practica8.vcxproj). Esto puede dar lugar a un comportamiento incorrecto de limpieza y recompilación.
  proyecto.cpp
C:\Users\carlos\Desktop\VisualStudio\Proyecto\Proyecto\proyecto.cpp(236,24): warning C4244: 'inicializando': conversión de 'double' a 'GLfloat'; posible pérdida de datos
C:\Users\carlos\Desktop\VisualStudio\Proyecto\Proyecto\proyecto.cpp(275,31): warning C4244: '=': conversión de 'double' a 'T'; posible pérdida de datos
          with
          [
              T=float
          ]
C:\Users\carlos\Desktop\VisualStudio\Proyecto\Proyecto\proyecto.cpp(276,31): warning C4244: '=': conversión de 'double' a 'T'; posible pérdida de datos
          with
          [
              T=float
          ]
C:\Users\carlos\Desktop\VisualStudio\Proyecto\Proyecto\proyecto.cpp(277,31): warning C4244: '=': conversión de 'double' a 'T'; posible pérdida de datos
          with
          [
              T=float
          ]
C:\Users\carlos\Desktop\VisualStudio\Proyecto\Proyecto\proyecto.cpp(289,33): warning C4244: '=': conversión de 'double' a 'T'; posible pérdida de datos
          with
          [
              T=float
          ]
C:\Users\carlos\Desktop\VisualStudio\Proyecto\Proyecto\proyecto.cpp(290,33): warning C4244: '=': conversión de 'double' a 'T'; posible pérdida de datos
          with
          [
              T=float
          ]
C:\Users\carlos\Desktop\VisualStudio\Proyecto\Proyecto\proyecto.cpp(291,33): warning C4244: '=': conversión de 'double' a 'T'; posible pérdida de datos
          with
          [
              T=float
          ]
C:\Users\carlos\Desktop\VisualStudio\Proyecto\Proyecto\proyecto.cpp(304,33): warning C4244: '=': conversión de 'double' a 'T'; posible pérdida de datos
          with
          [
              T=float
          ]
C:\Users\carlos\Desktop\VisualStudio\Proyecto\Proyecto\proyecto.cpp(305,33): warning C4244: '=': conversión de 'double' a 'T'; posible pérdida de datos
          with
          [
              T=float
          ]
C:\Users\carlos\Desktop\VisualStudio\Proyecto\Proyecto\proyecto.cpp(306,33): warning C4244: '=': conversión de 'double' a 'T'; posible pérdida de datos
          with
          [
              T=float
          ]
C:\Users\carlos\Desktop\VisualStudio\Proyecto\Proyecto\proyecto.cpp(318,33): warning C4244: '=': conversión de 'double' a 'T'; posible pérdida de datos
          with
          [
              T=float
          ]
C:\Users\carlos\Desktop\VisualStudio\Proyecto\Proyecto\proyecto.cpp(319,33): warning C4244: '=': conversión de 'double' a 'T'; posible pérdida de datos
          with
          [
              T=float
          ]
C:\Users\carlos\Desktop\VisualStudio\Proyecto\Proyecto\proyecto.cpp(320,33): warning C4244: '=': conversión de 'double' a 'T'; posible pérdida de datos
          with
          [
              T=float
          ]
C:\Users\carlos\Desktop\VisualStudio\Proyecto\Proyecto\proyecto.cpp(331,33): warning C4244: '=': conversión de 'double' a 'T'; posible pérdida de datos
          with
          [
              T=float
          ]
C:\Users\carlos\Desktop\VisualStudio\Proyecto\Proyecto\proyecto.cpp(332,33): warning C4244: '=': conversión de 'double' a 'T'; posible pérdida de datos
          with
          [
              T=float
          ]
C:\Users\carlos\Desktop\VisualStudio\Proyecto\Proyecto\proyecto.cpp(333,33): warning C4244: '=': conversión de 'double' a 'T'; posible pérdida de datos
          with
          [
              T=float
          ]
C:\Users\carlos\Desktop\VisualStudio\Proyecto\Proyecto\proyecto.cpp(344,33): warning C4244: '=': conversión de 'double' a 'T'; posible pérdida de datos
          with
          [
              T=float
          ]
C:\Users\carlos\Desktop\VisualStudio\Proyecto\Proyecto\proyecto.cpp(345,33): warning C4244: '=': conversión de 'double' a 'T'; posible pérdida de datos
          with
          [
              T=float
          ]
C:\Users\carlos\Desktop\VisualStudio\Proyecto\Proyecto\proyecto.cpp(346,33): warning C4244: '=': conversión de 'double' a 'T'; posible pérdida de datos
          with
          [
              T=float
          ]
C:\Users\carlos\Desktop\VisualStudio\Proyecto\Proyecto\proyecto.cpp(718,26): warning C4244: '=': conversión de 'double' a 'float'; posible pérdida de datos
C:\Users\carlos\Desktop\VisualStudio\Proyecto\Proyecto\proyecto.cpp(866,17): warning C4305: '+=': truncamiento de 'double' a 'float'
C:\Users\carlos\Desktop\VisualStudio\Proyecto\Proyecto\proyecto.cpp(875,17): warning C4305: '-=': truncamiento de 'double' a 'float'
C:\Users\carlos\Desktop\VisualStudio\Proyecto\Proyecto\proyecto.cpp(1002,17): warning C4305: '+=': truncamiento de 'double' a 'float'
C:\Users\carlos\Desktop\VisualStudio\Proyecto\Proyecto\proyecto.cpp(1013,11): warning C4244: '=': conversión de 'double' a 'GLfloat'; posible pérdida de datos
C:\Users\carlos\Desktop\VisualStudio\Proyecto\Proyecto\proyecto.cpp(1014,11): warning C4244: '=': conversión de 'double' a 'GLfloat'; posible pérdida de datos
C:\Users\carlos\Desktop\VisualStudio\Proyecto\Proyecto\proyecto.cpp(1018,18): warning C4244: 'inicializando': conversión de 'double' a 'GLfloat'; posible pérdida de datos
C:\Users\carlos\Desktop\VisualStudio\Proyecto\Proyecto\proyecto.cpp(1019,18): warning C4244: 'inicializando': conversión de 'double' a 'GLfloat'; posible pérdida de datos
C:\Users\carlos\Desktop\VisualStudio\Proyecto\Proyecto\proyecto.cpp(1021,10): warning C4244: '=': conversión de 'double' a 'GLfloat'; posible pérdida de datos
C:\Users\carlos\Desktop\VisualStudio\Proyecto\Proyecto\proyecto.cpp(1022,10): warning C4244: '=': conversión de 'double' a 'GLfloat'; posible pérdida de datos
LINK : warning LNK4098: la biblioteca predeterminada'MSVCRT' entra en conflicto con otras bibliotecas; use la biblioteca /NODEFAULTLIB:biblioteca
soil2-debug.lib(etc1_utils.obj) : warning LNK4099: no se encontró PDB '' con 'soil2-debug.lib(etc1_utils.obj)' o en ''; se vinculará el objeto sin tener en cuenta información de depuración
soil2-debug.lib(image_DXT.obj) : warning LNK4099: no se encontró PDB '' con 'soil2-debug.lib(image_DXT.obj)' o en ''; se vinculará el objeto sin tener en cuenta información de depuración
soil2-debug.lib(image_helper.obj) : warning LNK4099: no se encontró PDB '' con 'soil2-debug.lib(image_helper.obj)' o en ''; se vinculará el objeto sin tener en cuenta información de depuración
soil2-debug.lib(SOIL2.obj) : warning LNK4099: no se encontró PDB '' con 'soil2-debug.lib(SOIL2.obj)' o en ''; se vinculará el objeto sin tener en cuenta información de depuración
  Proyecto.vcxproj -> C:\Users\carlos\Desktop\VisualStudio\Proyecto\Debug\Proyecto.exe
